<?xml version="1.0" encoding="UTF-8"?>
<testng-results ignored="0" total="1" passed="1" failed="0" skipped="0">
  <reporter-output>
  </reporter-output>
  <suite started-at="2023-08-16T13:51:28 PDT" name="Smoke test suite" finished-at="2023-08-16T13:51:32 PDT" duration-ms="4340">
    <groups>
    </groups>
    <test started-at="2023-08-16T13:51:28 PDT" name="Google Stocks" finished-at="2023-08-16T13:51:32 PDT" duration-ms="4340">
      <class name="igor.qa.tests.Google">
        <test-method is-config="true" signature="setUp(java.lang.String)[pri:0, instance:igor.qa.tests.Google@1ea9f6af]" started-at="2023-08-16T13:51:28 PDT" name="setUp" finished-at="2023-08-16T13:51:32 PDT" duration-ms="4042" status="PASS">
          <params>
            <param index="0">
              <value>
                <![CDATA[https://google.com]]>
              </value>
            </param>
          </params>
          <reporter-output>
          </reporter-output>
        </test-method> <!-- setUp -->
        <test-method signature="testGoogleStocksList()[pri:0, instance:igor.qa.tests.Google@1ea9f6af]" started-at="2023-08-16T13:51:32 PDT" name="testGoogleStocksList" finished-at="2023-08-16T13:51:32 PDT" duration-ms="149" status="PASS">
          <reporter-output>
          </reporter-output>
        </test-method> <!-- testGoogleStocksList -->
        <test-method is-config="true" signature="tearDown()[pri:0, instance:igor.qa.tests.Google@1ea9f6af]" started-at="2023-08-16T13:51:32 PDT" name="tearDown" finished-at="2023-08-16T13:51:32 PDT" duration-ms="117" status="PASS">
          <reporter-output>
          </reporter-output>
        </test-method> <!-- tearDown -->
      </class> <!-- igor.qa.tests.Google -->
    </test> <!-- Google Stocks -->
  </suite> <!-- Smoke test suite -->
</testng-results>
