<?xml version="1.0" encoding="UTF-8"?>
<testng-results ignored="0" total="1" passed="1" failed="0" skipped="0">
  <reporter-output>
  </reporter-output>
  <suite started-at="2023-08-16T12:37:07 PDT" name="MyTestSuite" finished-at="2023-08-16T12:37:12 PDT" duration-ms="4749">
    <groups>
    </groups>
    <test started-at="2023-08-16T12:37:07 PDT" name="Google Stocks" finished-at="2023-08-16T12:37:12 PDT" duration-ms="4749">
      <class name="igor.qa.tests.Google">
        <test-method is-config="true" signature="setUp()[pri:0, instance:igor.qa.tests.Google@1ea9f6af]" started-at="2023-08-16T12:37:07 PDT" name="setUp" finished-at="2023-08-16T12:37:09 PDT" duration-ms="2235" status="PASS">
          <reporter-output>
          </reporter-output>
        </test-method> <!-- setUp -->
        <test-method signature="testGoogleSearch(java.lang.String)[pri:0, instance:igor.qa.tests.Google@1ea9f6af]" started-at="2023-08-16T12:37:09 PDT" name="testGoogleSearch" finished-at="2023-08-16T12:37:12 PDT" duration-ms="2342" status="PASS">
          <params>
            <param index="0">
              <value>
                <![CDATA[https://google.com]]>
              </value>
            </param>
          </params>
          <reporter-output>
          </reporter-output>
        </test-method> <!-- testGoogleSearch -->
        <test-method is-config="true" signature="tearDown()[pri:0, instance:igor.qa.tests.Google@1ea9f6af]" started-at="2023-08-16T12:37:12 PDT" name="tearDown" finished-at="2023-08-16T12:37:12 PDT" duration-ms="153" status="PASS">
          <reporter-output>
          </reporter-output>
        </test-method> <!-- tearDown -->
      </class> <!-- igor.qa.tests.Google -->
    </test> <!-- Google Stocks -->
  </suite> <!-- MyTestSuite -->
</testng-results>
